[2014-08-20 08:40:49] START
[2014-08-20 08:40:49] EDIT novelnotes/models/db.py: 0
[2014-08-20 08:51:34] EDIT novelnotes/models/db_wizard.py: 0
[2014-08-20 09:13:13] CREATE studyguide.py: 0
[2014-08-20 09:38:27] EDIT novelnotes/controllers/studyguide.py: 10
[2014-08-20 09:38:46] EDIT novelnotes/controllers/studyguide.py: 0
[2014-08-20 09:40:51] EDIT novelnotes/views/default/index.html: 2
[2014-08-20 09:41:49] EDIT novelnotes/views/default/index.html: 0
[2014-08-20 09:42:27] CREATE studyguide/index.html: 0
[2014-08-20 09:45:09] EDIT novelnotes/views/studyguide/index.html: 3
[2014-08-20 09:45:42] EDIT novelnotes/views/studyguide/index.html: 1
[2014-08-20 10:07:24] EDIT novelnotes/views/studyguide/index.html: 0
[2014-08-20 10:08:17] EDIT novelnotes/views/studyguide/index.html: 0
[2014-08-20 10:08:51] EDIT novelnotes/views/studyguide/index.html: 1
[2014-08-20 10:09:38] EDIT novelnotes/views/studyguide/index.html: 0
[2014-08-20 10:09:42] EDIT novelnotes/views/studyguide/index.html: 0
[2014-08-20 10:10:48] EDIT novelnotes/views/studyguide/index.html: 2
[2014-08-20 10:11:30] EDIT novelnotes/views/studyguide/index.html: -2
[2014-08-20 10:11:55] EDIT novelnotes/views/studyguide/index.html: -1
[2014-08-20 10:14:01] CREATE studyguide/book.html: 0
[2014-08-20 10:17:17] EDIT novelnotes/views/studyguide/book.html: 4
[2014-08-20 10:18:29] EDIT novelnotes/controllers/studyguide.py: 0
[2014-08-20 10:20:02] EDIT novelnotes/views/studyguide/book.html: 0
[2014-08-20 10:21:38] EDIT novelnotes/views/studyguide/book.html: 0
[2014-08-20 10:22:49] EDIT novelnotes/views/studyguide/book.html: 0
[2014-08-20 10:24:22] EDIT novelnotes/controllers/studyguide.py: 0
[2014-08-20 10:24:47] EDIT novelnotes/views/studyguide/book.html: 0
[2014-08-20 10:33:36] CREATE studyguide/chapter.html: 0
[2014-08-20 10:56:49] EDIT novelnotes/controllers/studyguide.py: 0
[2014-08-20 11:02:31] EDIT novelnotes/views/studyguide/chapter.html: 1
[2014-08-20 11:21:38] EDIT novelnotes/controllers/studyguide.py: 0
[2014-08-20 11:33:55] EDIT novelnotes/controllers/studyguide.py: 0
[2014-08-20 11:34:18] EDIT novelnotes/controllers/studyguide.py: 0
[2014-08-20 11:35:30] EDIT novelnotes/views/studyguide/chapter.html: 13
[2014-08-20 11:38:07] EDIT novelnotes/models/db_wizard.py: 2
[2014-08-20 11:38:37] EDIT novelnotes/models/db_wizard.py: 0
[2014-08-20 11:39:11] EDIT novelnotes/controllers/studyguide.py: 0
[2014-08-20 11:43:25] EDIT novelnotes/controllers/studyguide.py: 0
[2014-08-20 11:43:43] EDIT novelnotes/views/studyguide/chapter.html: 0
[2014-08-20 11:44:59] EDIT novelnotes/controllers/studyguide.py: 0
[2014-08-20 11:45:10] EDIT novelnotes/views/studyguide/chapter.html: 0
[2014-08-20 11:45:21] EDIT novelnotes/views/studyguide/chapter.html: 0
[2014-08-20 12:32:34] EDIT novelnotes/controllers/studyguide.py: 0
[2014-08-20 12:33:25] EDIT novelnotes/views/studyguide/chapter.html: 0
[2014-08-20 12:33:35] EDIT novelnotes/views/studyguide/chapter.html: 0
[2014-08-20 12:34:18] EDIT novelnotes/views/studyguide/chapter.html: 2
[2014-08-20 14:01:55] EDIT novelnotes/views/layout.html: 1
[2014-08-20 14:02:54] EDIT novelnotes/views/studyguide/chapter.html: 0
[2014-08-20 14:03:23] EDIT novelnotes/views/studyguide/chapter.html: 0
[2014-08-20 14:50:00] EDIT novelnotes/views/studyguide/chapter.html: 3
[2014-08-20 16:08:06] EDIT novelnotes/controllers/studyguide.py: 3
[2014-08-20 16:08:22] EDIT novelnotes/views/studyguide/chapter.html: 0
[2014-08-20 16:10:27] EDIT novelnotes/controllers/studyguide.py: 0
[2014-08-20 16:15:47] EDIT novelnotes/views/studyguide/chapter.html: 10
[2014-08-20 16:16:21] EDIT novelnotes/views/studyguide/chapter.html: 0
[2014-08-20 16:16:50] EDIT novelnotes/views/studyguide/chapter.html: 0
[2014-08-20 16:17:12] EDIT novelnotes/views/studyguide/chapter.html: 0
[2014-08-20 17:47:50] EDIT novelnotes/views/studyguide/chapter.html: 32
[2014-08-20 17:48:59] EDIT novelnotes/controllers/studyguide.py: 1
[2014-08-20 17:51:28] EDIT novelnotes/models/db_wizard.py: 2
[2014-08-20 17:54:53] EDIT novelnotes/models/db_wizard.py: 11
[2014-08-20 17:57:39] EDIT novelnotes/models/db_wizard.py: 0
[2014-08-20 17:58:27] EDIT novelnotes/models/db_wizard.py: 0
[2014-08-20 17:58:57] EDIT novelnotes/models/db_wizard.py: 0
[2014-08-20 18:02:23] EDIT novelnotes/views/studyguide/chapter.html: 0
[2014-08-20 18:03:21] EDIT novelnotes/views/studyguide/chapter.html: 0
[2014-08-20 18:06:41] EDIT novelnotes/views/studyguide/chapter.html: 1
[2014-08-20 18:14:51] EDIT novelnotes/views/studyguide/chapter.html: 0
[2014-08-20 18:18:27] EDIT novelnotes/models/db_wizard.py: 0
[2014-08-20 18:20:00] EDIT novelnotes/models/db_wizard.py: 0
[2014-08-20 18:53:04] EDIT novelnotes/views/studyguide/chapter.html: 16
[2014-08-20 18:53:58] EDIT novelnotes/views/studyguide/chapter.html: 0
[2014-08-20 18:57:51] EDIT novelnotes/views/studyguide/chapter.html: 0
[2014-08-20 20:19:46] EDIT novelnotes/controllers/studyguide.py: 14
[2014-08-20 20:20:49] EDIT novelnotes/controllers/studyguide.py: -8
[2014-08-20 22:50:11] EDIT novelnotes/controllers/studyguide.py: 4
[2014-08-20 22:50:23] EDIT novelnotes/controllers/studyguide.py: 0
[2014-08-20 22:50:33] EDIT novelnotes/controllers/studyguide.py: 0
[2014-08-20 22:50:41] EDIT novelnotes/controllers/studyguide.py: 0
[2014-08-20 23:27:36] EDIT novelnotes/views/studyguide/chapter.html: 0
[2014-08-20 23:27:57] EDIT novelnotes/views/studyguide/chapter.html: 0
[2014-08-21 00:17:02] EDIT novelnotes/views/studyguide/chapter.html: 2
[2014-08-21 00:27:38] EDIT novelnotes/views/studyguide/chapter.html: 0
[2014-08-21 00:57:45] EDIT novelnotes/controllers/studyguide.py: 1
[2014-08-21 00:58:20] EDIT novelnotes/controllers/studyguide.py: 0
[2014-08-21 05:08:26] EDIT novelnotes/controllers/studyguide.py: 0
[2014-08-21 05:10:50] EDIT novelnotes/controllers/studyguide.py: 0
[2014-08-21 05:11:36] EDIT novelnotes/controllers/studyguide.py: -9
[2014-08-21 05:12:20] EDIT novelnotes/controllers/studyguide.py: 9
[2014-08-21 05:19:05] EDIT novelnotes/controllers/studyguide.py: 0
[2014-08-21 05:19:47] EDIT novelnotes/controllers/studyguide.py: 0
[2014-08-21 05:20:22] EDIT novelnotes/controllers/studyguide.py: 0
[2014-08-21 05:21:01] EDIT novelnotes/controllers/studyguide.py: 0
[2014-08-21 05:23:06] EDIT novelnotes/controllers/studyguide.py: 0
[2014-08-21 05:23:27] EDIT novelnotes/controllers/studyguide.py: 0
[2014-08-21 05:24:08] EDIT novelnotes/controllers/studyguide.py: 0
[2014-08-21 05:27:04] EDIT novelnotes/views/studyguide/chapter.html: -1
[2014-08-21 05:28:51] EDIT novelnotes/views/studyguide/chapter.html: 0
[2014-08-21 05:33:32] EDIT novelnotes/controllers/studyguide.py: -1
[2014-08-21 05:34:05] EDIT novelnotes/controllers/studyguide.py: 0
[2014-08-21 05:34:27] EDIT novelnotes/controllers/studyguide.py: 0
[2014-08-21 05:34:36] EDIT novelnotes/controllers/studyguide.py: 0
[2014-08-21 05:36:02] EDIT novelnotes/controllers/studyguide.py: -2
[2014-08-21 05:37:17] EDIT novelnotes/controllers/studyguide.py: 0
[2014-08-21 05:38:59] EDIT novelnotes/controllers/studyguide.py: 0
[2014-08-21 05:42:14] EDIT novelnotes/views/studyguide/chapter.html: 0
[2014-08-21 05:44:23] EDIT novelnotes/views/studyguide/chapter.html: 4
[2014-08-21 05:45:38] EDIT novelnotes/views/studyguide/chapter.html: 0
[2014-08-21 05:46:18] EDIT novelnotes/views/studyguide/chapter.html: 0
[2014-08-21 05:46:49] EDIT novelnotes/views/studyguide/chapter.html: 0
[2014-08-21 05:47:09] EDIT novelnotes/views/studyguide/chapter.html: 0
[2014-08-21 05:49:54] EDIT novelnotes/controllers/studyguide.py: 0
[2014-08-21 09:28:56] EDIT novelnotes/controllers/studyguide.py: 2
[2014-08-21 09:29:37] EDIT novelnotes/controllers/studyguide.py: -2
[2014-08-21 09:37:06] EDIT novelnotes/views/studyguide/chapter.html: 5
[2014-08-21 09:37:41] EDIT novelnotes/views/studyguide/chapter.html: 0
[2014-08-21 09:38:59] EDIT novelnotes/views/studyguide/chapter.html: 1
[2014-08-21 09:49:10] EDIT novelnotes/models/db_wizard.py: 0
[2014-08-21 09:50:28] EDIT novelnotes/controllers/studyguide.py: 3
[2014-08-21 09:52:35] EDIT novelnotes/controllers/studyguide.py: 0
[2014-08-21 09:53:50] EDIT novelnotes/controllers/studyguide.py: 1
[2014-08-21 09:54:30] EDIT novelnotes/controllers/studyguide.py: 0
[2014-08-21 09:55:21] EDIT novelnotes/controllers/studyguide.py: 0
[2014-08-21 10:02:05] EDIT novelnotes/controllers/studyguide.py: 3
[2014-08-21 10:02:48] EDIT novelnotes/controllers/studyguide.py: 0
[2014-08-21 10:05:29] EDIT novelnotes/controllers/studyguide.py: -1
[2014-08-21 10:05:41] EDIT novelnotes/controllers/studyguide.py: 0
[2014-08-21 10:07:30] EDIT novelnotes/controllers/studyguide.py: 1
[2014-08-21 10:07:43] EDIT novelnotes/controllers/studyguide.py: 0
[2014-08-21 10:07:59] EDIT novelnotes/controllers/studyguide.py: 0
[2014-08-21 10:09:00] EDIT novelnotes/controllers/studyguide.py: 0
[2014-08-21 10:09:32] EDIT novelnotes/controllers/studyguide.py: 0
[2014-08-21 10:11:04] EDIT novelnotes/views/studyguide/chapter.html: 0
[2014-08-21 10:11:21] EDIT novelnotes/views/studyguide/chapter.html: 0
[2014-08-21 10:11:28] EDIT novelnotes/views/studyguide/chapter.html: 0
[2014-08-21 10:11:54] EDIT novelnotes/controllers/studyguide.py: 0
[2014-08-21 10:13:16] EDIT novelnotes/views/studyguide/chapter.html: 0
[2014-08-21 10:14:29] EDIT novelnotes/views/studyguide/chapter.html: 0
[2014-08-21 10:17:20] EDIT novelnotes/views/studyguide/chapter.html: 0
[2014-08-21 10:19:15] EDIT novelnotes/views/studyguide/chapter.html: 0
[2014-08-21 10:21:54] EDIT novelnotes/controllers/studyguide.py: 0
[2014-08-21 10:42:51] EDIT novelnotes/controllers/studyguide.py: 0
[2014-08-21 10:44:26] EDIT novelnotes/controllers/studyguide.py: 0
[2014-08-21 10:45:56] EDIT novelnotes/controllers/studyguide.py: 1
[2014-08-21 10:46:32] EDIT novelnotes/controllers/studyguide.py: 0
[2014-08-21 10:46:40] EDIT novelnotes/controllers/studyguide.py: 0
[2014-08-21 11:15:15] EDIT novelnotes/views/studyguide/chapter.html: 4
[2014-08-21 11:16:14] EDIT novelnotes/views/studyguide/chapter.html: 0
[2014-08-21 11:16:31] EDIT novelnotes/views/studyguide/chapter.html: 0
[2014-08-21 11:27:38] EDIT novelnotes/controllers/studyguide.py: 14
[2014-08-21 11:28:23] CREATE studyguide/month_input.html: 0
[2014-08-21 11:28:29] EDIT novelnotes/views/studyguide/month_input.html: 11
[2014-08-21 11:42:26] EDIT novelnotes/controllers/studyguide.py: 21
[2014-08-21 11:44:20] EDIT novelnotes/controllers/studyguide.py: 0
[2014-08-21 11:46:03] EDIT novelnotes/controllers/studyguide.py: 0
[2014-08-21 11:46:17] CREATE studyguide/answer_input.html: 0
[2014-08-21 11:47:39] EDIT novelnotes/views/studyguide/month_input.html: 0
[2014-08-21 11:47:46] EDIT novelnotes/views/studyguide/answer_input.html: 11
[2014-08-21 11:48:06] EDIT novelnotes/views/studyguide/answer_input.html: 0
[2014-08-21 11:49:56] EDIT novelnotes/controllers/studyguide.py: 1
[2014-08-21 11:50:55] EDIT novelnotes/controllers/studyguide.py: 0
[2014-08-21 11:51:37] EDIT novelnotes/controllers/studyguide.py: -1
[2014-08-21 11:52:19] EDIT novelnotes/controllers/studyguide.py: 1
[2014-08-21 12:02:05] EDIT novelnotes/controllers/studyguide.py: 1
[2014-08-21 12:03:09] EDIT novelnotes/controllers/studyguide.py: 0
[2014-08-21 12:04:57] EDIT novelnotes/controllers/studyguide.py: 0
[2014-08-21 12:05:29] EDIT novelnotes/controllers/studyguide.py: 0
[2014-08-21 12:06:52] EDIT novelnotes/controllers/studyguide.py: -1
[2014-08-21 12:08:20] EDIT novelnotes/controllers/studyguide.py: 0
[2014-08-21 12:08:56] EDIT novelnotes/controllers/studyguide.py: 0
[2014-08-21 12:09:45] EDIT novelnotes/controllers/studyguide.py: 0
[2014-08-21 12:11:17] EDIT novelnotes/controllers/studyguide.py: 0
[2014-08-21 12:13:55] EDIT novelnotes/controllers/studyguide.py: 0
[2014-08-21 12:14:59] EDIT novelnotes/controllers/studyguide.py: 0
[2014-08-21 12:16:06] EDIT novelnotes/controllers/studyguide.py: 0
[2014-08-21 12:17:11] EDIT novelnotes/controllers/studyguide.py: 0
[2014-08-21 12:18:29] EDIT novelnotes/controllers/studyguide.py: 0
[2014-08-21 12:20:04] EDIT novelnotes/controllers/studyguide.py: 0
[2014-08-21 12:20:43] EDIT novelnotes/controllers/studyguide.py: 0
[2014-08-21 12:21:59] EDIT novelnotes/controllers/studyguide.py: 0
[2014-08-21 12:25:15] EDIT novelnotes/views/studyguide/chapter.html: 4
[2014-08-21 12:27:45] EDIT novelnotes/views/studyguide/chapter.html: 1
[2014-08-21 12:29:03] EDIT novelnotes/views/studyguide/chapter.html: -1
[2014-08-21 12:48:37] EDIT novelnotes/views/studyguide/answer_input.html: -2
[2014-08-21 12:49:46] EDIT novelnotes/views/studyguide/answer_input.html: 3
[2014-08-21 12:51:03] EDIT novelnotes/views/studyguide/answer_input.html: 4
[2014-08-21 12:51:37] EDIT novelnotes/views/studyguide/answer_input.html: -5
[2014-08-21 12:55:03] EDIT novelnotes/views/studyguide/answer_input.html: 8
[2014-08-21 13:20:55] EDIT novelnotes/views/studyguide/chapter.html: 3
[2014-08-21 13:25:02] EDIT novelnotes/controllers/studyguide.py: 0
[2014-08-21 13:28:04] EDIT novelnotes/views/studyguide/chapter.html: 0
[2014-08-21 13:28:48] EDIT novelnotes/views/studyguide/chapter.html: 1
[2014-08-21 13:29:25] EDIT novelnotes/views/studyguide/chapter.html: 0
[2014-08-21 13:30:59] EDIT novelnotes/views/studyguide/chapter.html: -2
[2014-08-21 13:33:32] EDIT novelnotes/views/studyguide/chapter.html: 0
[2014-08-21 13:33:45] EDIT novelnotes/views/studyguide/chapter.html: 0
[2014-08-21 13:38:30] EDIT novelnotes/views/studyguide/chapter.html: 8
[2014-08-21 13:39:38] EDIT novelnotes/views/studyguide/chapter.html: 0
[2014-08-21 13:45:58] EDIT novelnotes/views/studyguide/chapter.html: 0
[2014-08-21 13:48:16] EDIT novelnotes/views/studyguide/chapter.html: 1
[2014-08-21 13:49:26] EDIT novelnotes/views/studyguide/chapter.html: 0
[2014-08-21 13:50:11] EDIT novelnotes/views/studyguide/chapter.html: 3
[2014-08-21 13:50:48] EDIT novelnotes/views/studyguide/chapter.html: 3
[2014-08-21 13:52:03] EDIT novelnotes/views/studyguide/chapter.html: 0
[2014-08-21 13:53:41] EDIT novelnotes/views/studyguide/chapter.html: -6
[2014-08-21 13:55:47] EDIT novelnotes/views/studyguide/chapter.html: 2
[2014-08-21 13:56:32] EDIT novelnotes/views/studyguide/chapter.html: 0
[2014-08-21 13:57:32] EDIT novelnotes/views/studyguide/chapter.html: 0
[2014-08-21 13:58:16] EDIT novelnotes/views/studyguide/chapter.html: 0
[2014-08-21 13:59:40] EDIT novelnotes/views/studyguide/chapter.html: 2
[2014-08-21 14:00:29] EDIT novelnotes/controllers/studyguide.py: 2
[2014-08-21 14:00:49] CREATE studyguide/test.html: 0
[2014-08-21 14:02:20] EDIT novelnotes/views/studyguide/test.html: 45
[2014-08-21 14:02:50] EDIT novelnotes/views/studyguide/test.html: 6
[2014-08-21 14:03:28] EDIT novelnotes/views/studyguide/test.html: 0
[2014-08-21 14:03:57] EDIT novelnotes/views/studyguide/test.html: 0
[2014-08-21 14:04:49] EDIT novelnotes/views/studyguide/test.html: -48
[2014-08-21 14:06:10] EDIT novelnotes/views/studyguide/test.html: 48
[2014-08-21 14:06:32] EDIT novelnotes/views/studyguide/test.html: 0
[2014-08-21 14:09:52] EDIT novelnotes/views/studyguide/chapter.html: 0
[2014-08-21 14:11:55] EDIT novelnotes/views/studyguide/chapter.html: -2
[2014-08-21 14:13:13] EDIT novelnotes/views/studyguide/chapter.html: 0
[2014-08-21 14:13:41] EDIT novelnotes/views/studyguide/chapter.html: 1
[2014-08-21 14:14:16] EDIT novelnotes/views/studyguide/chapter.html: 0
[2014-08-21 14:14:30] EDIT novelnotes/views/studyguide/chapter.html: 0
[2014-08-21 14:15:06] EDIT novelnotes/views/studyguide/chapter.html: 0
[2014-08-21 16:33:25] EDIT novelnotes/views/studyguide/chapter.html: 0
[2014-08-21 16:38:05] EDIT novelnotes/views/studyguide/chapter.html: 3
[2014-08-21 16:45:17] EDIT novelnotes/views/studyguide/chapter.html: 4
[2014-08-21 16:50:34] EDIT novelnotes/views/studyguide/chapter.html: 1
[2014-08-21 16:50:59] EDIT novelnotes/views/studyguide/chapter.html: 0
[2014-08-21 16:51:46] EDIT novelnotes/views/studyguide/chapter.html: -1
[2014-08-21 17:02:10] EDIT novelnotes/views/studyguide/chapter.html: 0
[2014-08-21 17:05:37] EDIT novelnotes/views/studyguide/chapter.html: 0
[2014-08-21 17:05:44] EDIT novelnotes/views/studyguide/chapter.html: 1
[2014-08-21 17:19:36] EDIT novelnotes/views/studyguide/chapter.html: -26
[2014-08-21 17:19:53] CREATE js/chapter.js: 0
[2014-08-21 17:19:57] EDIT novelnotes/static/js/chapter.js: 26
[2014-08-21 17:22:15] EDIT novelnotes/static/js/chapter.js: 0
[2014-08-21 17:23:42] EDIT novelnotes/static/js/chapter.js: 0
[2014-08-21 17:29:02] EDIT novelnotes/static/js/chapter.js: 0
[2014-08-21 17:29:31] EDIT novelnotes/static/js/chapter.js: 0
[2014-08-21 17:32:30] EDIT novelnotes/static/js/chapter.js: 0
[2014-08-21 17:53:06] EDIT novelnotes/controllers/studyguide.py: 5
[2014-08-21 17:53:30] EDIT novelnotes/views/studyguide/chapter.html: 0
[2014-08-21 17:54:12] EDIT novelnotes/views/studyguide/chapter.html: 0
[2014-08-21 18:31:13] EDIT novelnotes/models/db_wizard.py: 0
[2014-08-21 18:45:38] EDIT novelnotes/controllers/studyguide.py: -6
[2014-08-21 18:54:46] EDIT novelnotes/static/js/chapter.js: 0
[2014-08-21 18:59:25] EDIT novelnotes/views/studyguide/chapter.html: 0
[2014-08-21 19:00:44] EDIT novelnotes/static/js/chapter.js: 0
[2014-08-21 19:28:20] EDIT novelnotes/static/js/chapter.js: 1
[2014-08-21 19:45:34] EDIT novelnotes/static/js/chapter.js: 0
[2014-08-21 19:45:41] EDIT novelnotes/static/js/chapter.js: 0
[2014-08-21 19:46:37] EDIT novelnotes/static/js/chapter.js: 0
[2014-08-21 19:57:18] EDIT novelnotes/static/js/chapter.js: 2
[2014-08-21 20:43:42] EDIT novelnotes/static/js/chapter.js: 0
[2014-08-21 20:45:18] EDIT novelnotes/static/js/chapter.js: 1
[2014-08-21 20:46:57] EDIT novelnotes/static/js/chapter.js: -4
[2014-08-21 20:47:23] EDIT novelnotes/static/js/chapter.js: 0
[2014-08-21 20:53:58] EDIT novelnotes/views/studyguide/chapter.html: 20
[2014-08-21 21:07:10] EDIT novelnotes/views/studyguide/chapter.html: 0
[2014-08-21 21:07:30] EDIT novelnotes/static/js/chapter.js: 4
[2014-08-21 21:10:53] EDIT novelnotes/views/studyguide/chapter.html: -1
[2014-08-21 21:13:26] EDIT novelnotes/views/studyguide/chapter.html: 0
[2014-08-21 21:15:09] EDIT novelnotes/controllers/studyguide.py: -37
[2014-08-21 21:17:20] EDIT novelnotes/controllers/studyguide.py: 0
[2014-08-21 21:23:07] EDIT novelnotes/controllers/studyguide.py: 0
[2014-08-21 21:23:28] EDIT novelnotes/controllers/studyguide.py: 0
[2014-08-21 21:48:01] EDIT novelnotes/static/js/chapter.js: -3
[2014-08-21 21:51:04] EDIT novelnotes/views/studyguide/chapter.html: 0
[2014-08-21 21:51:18] EDIT novelnotes/views/studyguide/chapter.html: 0
[2014-08-21 21:51:41] EDIT novelnotes/views/studyguide/chapter.html: -18
[2014-08-21 21:57:36] EDIT novelnotes/static/js/chapter.js: 0
[2014-08-21 21:58:43] EDIT novelnotes/static/js/chapter.js: 0
[2014-08-21 22:10:14] EDIT novelnotes/static/js/chapter.js: 0
[2014-08-22 05:23:45] EDIT novelnotes/views/studyguide/chapter.html: -1
[2014-08-22 05:29:44] EDIT novelnotes/models/db_wizard.py: 2
[2014-08-22 05:40:31] EDIT novelnotes/models/db_wizard.py: 0
[2014-08-22 05:44:16] EDIT novelnotes/views/studyguide/chapter.html: 26
[2014-08-22 05:45:39] EDIT novelnotes/static/js/chapter.js: 3
[2014-08-22 05:46:05] EDIT novelnotes/static/js/chapter.js: 0
[2014-08-22 05:46:50] EDIT novelnotes/views/studyguide/chapter.html: 0
[2014-08-22 05:48:20] EDIT novelnotes/views/studyguide/chapter.html: 0
[2014-08-22 05:49:11] EDIT novelnotes/views/studyguide/chapter.html: -26
[2014-08-22 05:49:40] EDIT novelnotes/views/studyguide/chapter.html: 27
[2014-08-22 05:50:09] EDIT novelnotes/views/studyguide/chapter.html: 3
[2014-08-22 05:51:07] EDIT novelnotes/views/studyguide/chapter.html: 2
[2014-08-22 05:52:30] EDIT novelnotes/views/studyguide/chapter.html: 9
[2014-08-22 05:52:55] EDIT novelnotes/views/studyguide/chapter.html: 12
[2014-08-22 05:53:28] EDIT novelnotes/views/studyguide/chapter.html: -10
[2014-08-22 05:53:53] EDIT novelnotes/views/studyguide/chapter.html: 8
[2014-08-22 05:59:36] EDIT novelnotes/views/studyguide/chapter.html: 2
[2014-08-22 06:00:38] EDIT novelnotes/views/studyguide/chapter.html: 0
[2014-08-22 06:01:31] EDIT novelnotes/static/js/chapter.js: 1
[2014-08-22 06:02:51] EDIT novelnotes/static/js/chapter.js: 0
[2014-08-22 06:09:53] EDIT novelnotes/views/studyguide/chapter.html: 1
[2014-08-22 06:12:42] EDIT novelnotes/models/db_wizard.py: -2
[2014-08-22 06:32:12] EDIT novelnotes/views/studyguide/chapter.html: -4
[2014-08-22 06:32:30] EDIT novelnotes/views/studyguide/chapter.html: 4
[2014-08-22 06:32:46] EDIT novelnotes/static/js/chapter.js: -1
[2014-08-22 06:33:45] EDIT novelnotes/views/studyguide/chapter.html: -27
[2014-08-22 09:55:57] EDIT novelnotes/controllers/studyguide.py: 11
[2014-08-22 09:56:30] EDIT novelnotes/controllers/studyguide.py: 0
[2014-08-22 10:00:17] EDIT novelnotes/controllers/studyguide.py: 2
[2014-08-22 10:00:37] EDIT novelnotes/controllers/studyguide.py: 0
[2014-08-22 10:04:56] EDIT novelnotes/controllers/studyguide.py: 3
[2014-08-22 10:09:33] EDIT novelnotes/controllers/studyguide.py: 0
[2014-08-22 10:11:40] EDIT novelnotes/views/studyguide/chapter.html: 15
[2014-08-22 10:14:01] EDIT novelnotes/views/studyguide/chapter.html: 13
[2014-08-22 10:14:36] EDIT novelnotes/views/studyguide/chapter.html: 0
[2014-08-22 10:18:04] EDIT novelnotes/controllers/studyguide.py: 0
[2014-08-22 10:18:45] EDIT novelnotes/views/studyguide/chapter.html: -2
[2014-08-22 10:19:14] EDIT novelnotes/views/studyguide/chapter.html: 0
[2014-08-22 10:21:49] EDIT novelnotes/views/studyguide/chapter.html: 0
[2014-08-22 10:22:21] EDIT novelnotes/views/studyguide/chapter.html: 0
[2014-08-22 10:23:33] EDIT novelnotes/views/studyguide/chapter.html: 0
[2014-08-22 10:25:22] EDIT novelnotes/controllers/studyguide.py: 0
[2014-08-22 10:26:18] EDIT novelnotes/views/studyguide/chapter.html: 0
[2014-08-22 10:27:08] EDIT novelnotes/views/studyguide/chapter.html: 0
[2014-08-22 10:31:14] EDIT novelnotes/controllers/studyguide.py: 0
[2014-08-22 10:32:27] EDIT novelnotes/views/studyguide/chapter.html: 0
[2014-08-22 10:33:43] EDIT novelnotes/views/studyguide/chapter.html: 0
[2014-08-22 10:34:15] EDIT novelnotes/views/studyguide/chapter.html: 0
[2014-08-22 10:34:44] EDIT novelnotes/views/studyguide/chapter.html: 0
[2014-08-22 10:35:23] EDIT novelnotes/views/studyguide/chapter.html: 0
[2014-08-22 10:38:07] EDIT novelnotes/views/studyguide/chapter.html: 0
[2014-08-22 10:38:32] EDIT novelnotes/views/studyguide/chapter.html: 0
[2014-08-22 10:39:04] EDIT novelnotes/controllers/studyguide.py: 1
[2014-08-22 10:43:58] EDIT novelnotes/controllers/default.py: 1
[2014-08-22 10:44:10] EDIT novelnotes/views/default/character_manage.html: 1
[2014-08-22 10:45:30] EDIT novelnotes/views/studyguide/chapter.html: 1
[2014-08-22 10:46:47] EDIT novelnotes/views/studyguide/chapter.html: 0
[2014-08-22 10:46:59] EDIT novelnotes/views/studyguide/chapter.html: 0
[2014-08-22 10:48:14] EDIT novelnotes/views/studyguide/chapter.html: -1
[2014-08-22 10:50:20] EDIT novelnotes/controllers/studyguide.py: 1
[2014-08-22 10:50:54] EDIT novelnotes/controllers/studyguide.py: 0
[2014-08-22 10:51:13] EDIT novelnotes/controllers/studyguide.py: 0
[2014-08-22 10:52:14] EDIT novelnotes/controllers/studyguide.py: 0
[2014-08-22 10:53:34] EDIT novelnotes/controllers/studyguide.py: 0
[2014-08-22 10:55:29] EDIT novelnotes/controllers/studyguide.py: -1
[2014-08-22 10:56:26] EDIT novelnotes/views/studyguide/chapter.html: 0
[2014-08-22 10:57:14] EDIT novelnotes/views/studyguide/chapter.html: 0
[2014-08-22 10:58:04] EDIT novelnotes/controllers/studyguide.py: 0
[2014-08-22 10:59:19] EDIT novelnotes/views/studyguide/chapter.html: 1
[2014-08-22 10:59:50] EDIT novelnotes/views/studyguide/chapter.html: 1
[2014-08-22 11:00:41] EDIT novelnotes/views/studyguide/chapter.html: -14
[2014-08-22 11:01:22] EDIT novelnotes/views/studyguide/chapter.html: 13
[2014-08-22 11:01:27] EDIT novelnotes/views/studyguide/chapter.html: -7
[2014-08-22 11:01:37] EDIT novelnotes/views/studyguide/chapter.html: 7
[2014-08-22 11:02:10] EDIT novelnotes/views/studyguide/chapter.html: 0
[2014-08-22 11:02:47] EDIT novelnotes/views/studyguide/chapter.html: 0
[2014-08-22 11:03:26] EDIT novelnotes/views/studyguide/chapter.html: 0
[2014-08-22 11:03:56] EDIT novelnotes/views/studyguide/chapter.html: -1
[2014-08-22 11:07:58] EDIT novelnotes/views/studyguide/chapter.html: -6
[2014-08-22 11:12:52] EDIT novelnotes/controllers/studyguide.py: 3
[2014-08-22 11:13:40] EDIT novelnotes/controllers/studyguide.py: 0
[2014-08-22 11:13:58] EDIT novelnotes/controllers/studyguide.py: -1
[2014-08-22 11:14:15] EDIT novelnotes/controllers/studyguide.py: -1
[2014-08-22 11:18:56] EDIT novelnotes/views/studyguide/chapter.html: 0
[2014-08-22 11:19:14] EDIT novelnotes/controllers/studyguide.py: 0
[2014-08-22 11:24:43] EDIT novelnotes/views/studyguide/chapter.html: 4
[2014-08-22 11:24:54] EDIT novelnotes/controllers/studyguide.py: 1
[2014-08-22 11:25:07] EDIT novelnotes/controllers/studyguide.py: 0
[2014-08-22 11:31:57] EDIT novelnotes/views/studyguide/chapter.html: 15
[2014-08-22 11:33:11] EDIT novelnotes/static/js/chapter.js: 4
[2014-08-22 11:34:02] EDIT novelnotes/static/js/chapter.js: 0
[2014-08-22 11:34:57] EDIT novelnotes/views/studyguide/chapter.html: 0
[2014-08-22 11:35:26] EDIT novelnotes/views/studyguide/chapter.html: 0
[2014-08-22 11:36:11] EDIT novelnotes/views/studyguide/chapter.html: 1
[2014-08-22 11:39:41] EDIT novelnotes/controllers/studyguide.py: 7
[2014-08-22 11:40:51] EDIT novelnotes/views/studyguide/chapter.html: 0
[2014-08-22 11:42:23] EDIT novelnotes/controllers/studyguide.py: -1
[2014-08-22 11:43:05] EDIT novelnotes/controllers/studyguide.py: 1
[2014-08-22 11:43:34] EDIT novelnotes/controllers/studyguide.py: 0
[2014-08-22 11:44:11] EDIT novelnotes/controllers/studyguide.py: 0
[2014-08-22 11:44:19] EDIT novelnotes/controllers/studyguide.py: -1
[2014-08-22 11:44:35] EDIT novelnotes/controllers/studyguide.py: 1
[2014-08-22 11:44:53] EDIT novelnotes/controllers/studyguide.py: 0
[2014-08-22 11:45:37] EDIT novelnotes/controllers/studyguide.py: 0
[2014-08-22 11:46:35] EDIT novelnotes/controllers/studyguide.py: 1
[2014-08-22 11:47:49] EDIT novelnotes/controllers/studyguide.py: 0
[2014-08-22 11:47:54] EDIT novelnotes/controllers/studyguide.py: 0
[2014-08-22 11:48:27] EDIT novelnotes/controllers/studyguide.py: 0
[2014-08-22 11:48:43] EDIT novelnotes/controllers/studyguide.py: 0
[2014-08-22 11:49:33] EDIT novelnotes/controllers/studyguide.py: 1
[2014-08-22 11:50:13] EDIT novelnotes/controllers/studyguide.py: 0
[2014-08-22 11:50:51] EDIT novelnotes/controllers/studyguide.py: 0
[2014-08-22 11:51:11] EDIT novelnotes/controllers/studyguide.py: 0
[2014-08-22 11:51:40] EDIT novelnotes/controllers/studyguide.py: 0
[2014-08-22 11:52:34] EDIT novelnotes/controllers/studyguide.py: 0
[2014-08-22 11:53:12] EDIT novelnotes/controllers/studyguide.py: -1
[2014-08-22 11:53:33] EDIT novelnotes/controllers/studyguide.py: -1
[2014-08-22 11:53:54] EDIT novelnotes/controllers/studyguide.py: 0
[2014-08-22 11:54:50] EDIT novelnotes/controllers/studyguide.py: 0
[2014-08-22 11:55:42] EDIT novelnotes/controllers/studyguide.py: 0
[2014-08-22 12:19:44] EDIT novelnotes/controllers/studyguide.py: 11
[2014-08-22 12:19:59] EDIT novelnotes/controllers/studyguide.py: -6
[2014-08-22 12:20:16] EDIT novelnotes/controllers/studyguide.py: 0
[2014-08-22 12:20:38] EDIT novelnotes/controllers/studyguide.py: 0
[2014-08-22 12:20:41] EDIT novelnotes/controllers/studyguide.py: 0
[2014-08-22 12:28:00] EDIT novelnotes/controllers/studyguide.py: 1
[2014-08-22 12:28:23] EDIT novelnotes/controllers/studyguide.py: 0
[2014-08-22 12:28:57] EDIT novelnotes/controllers/studyguide.py: 0
[2014-08-22 12:29:45] EDIT novelnotes/controllers/studyguide.py: 0
[2014-08-22 12:31:51] EDIT novelnotes/controllers/studyguide.py: 0
[2014-08-22 12:48:59] EDIT novelnotes/controllers/studyguide.py: 0
[2014-08-22 12:52:38] EDIT novelnotes/controllers/studyguide.py: -1
[2014-08-22 12:53:19] EDIT novelnotes/controllers/studyguide.py: 1
[2014-08-22 12:55:15] EDIT novelnotes/controllers/studyguide.py: 0
[2014-08-22 12:57:32] EDIT novelnotes/controllers/studyguide.py: 0
[2014-08-22 13:04:06] EDIT novelnotes/controllers/studyguide.py: 0
[2014-08-22 13:07:45] EDIT novelnotes/controllers/studyguide.py: -1
[2014-08-22 13:13:38] EDIT novelnotes/controllers/studyguide.py: 0
[2014-08-22 13:15:34] EDIT novelnotes/controllers/studyguide.py: 1
[2014-08-22 13:20:22] EDIT novelnotes/controllers/studyguide.py: 0
[2014-08-22 13:24:20] EDIT novelnotes/controllers/studyguide.py: 0
[2014-08-22 13:26:46] EDIT novelnotes/controllers/studyguide.py: 0
[2014-08-22 13:30:02] EDIT novelnotes/controllers/studyguide.py: 0
[2014-08-22 13:30:07] EDIT novelnotes/controllers/studyguide.py: -1
